0
0
69.77839430892661
43.595556276219675
28.103059741025625
33.91965668379271
44.61213545600687
47.31064708183799
47.87117934675226
48.314347443508325
48.30067157896688
49.80343062284467
52.99351047703727
49.68889056716182
52.943478023342244
60.756726714431814
61.33286192863759
58.61270661216206
57.67698177683453
56.617148575045526
57.8150704488786
61.0501369313683
59.879243443010246
59.08621098271726
55.69450488019093
56.39345366676199
55.89562900851711
43.952707139113244
38.461584659708606
37.88803108234553
40.76163870127489
40.42636674149767
40.534940879027225
42.40345843219441
39.091674737420014
37.44858850184969
37.86220276841484
38.7538188326921
45.40765729651012
47.85436605586619
50.30501871579302
56.451871714101244
55.15633915918038
49.22942211996192
53.260572438925365
54.65441995574416
49.072783556565646
47.91680819384654
50.286508872387024
52.09483812336657
53.661862045234386
51.53576803216249
45.41534272485055
43.70244470766031
46.16106268729093
45.57737301274645
48.85896982771153
50.66603862526952
46.12123069872006
45.732342261532544
43.90579324224154
48.14214941030715
46.99933293044934
40.900345456418506
45.57088454057568
47.84149610218217
50.42833444430166
50.9525433948988
48.00110978532456
44.25938178935713
39.90676772032242
42.665098922868246
46.096952284457764
45.762530647422594
49.7446333347244
51.75981603188659
52.80067312255229
57.222383028347984
56.722228961403765
56.72943143006467
57.54733398419142
56.685707465767834
51.303063929310646
54.47241066846017
56.070582484090146
53.95189696703593
55.01162506247823
50.52305670175947
51.52018529215332
49.92122509178424
49.57527675187922
54.22200489451478
59.05280231967244
55.60657328950799
52.91021714100141
55.28562263980543
49.79187401702052
49.742343815147954
50.62964492634162
49.6831782276329
49.48200824888071
47.68121385649575
47.93807213831712
47.678636696053964
47.94480699452046
49.52670251740519
45.66609649209529
42.52416264835902
45.60847471569722
48.509319200587726
47.501043643954965
42.68404300959771
41.67401708172382
41.346931769287934
39.795947817784906
41.46892767530666
42.65959307475157
38.7721743292498
37.78396066772471
39.17659981709447
39.472139840902514
45.65778078767632
44.985851057652546
39.158359535378246
40.3530160856596
38.33474997558298
36.18861569832843
36.23830097106596
41.619706476054084
41.3269480004147
36.66160648944097
37.38766190486882
35.50541724690324
37.86581572980856
41.3282764581483
40.8501649722507
40.13352969225233
40.67445536081783
43.05648236595233
42.12347898669071
44.33780197185502
46.78771822045274
41.84360387326042
39.544331559653855
41.793136462918206
44.093910080590476
40.57435240893126
36.99845326306625
38.28358942988937
36.97082359075533
35.02450333115985
34.78183539842891
39.081440773973654
38.63312859916177
36.57288527790885
35.91677897831885
36.1344476515086
39.26831099038119
40.06497521946299
41.49747770449384
43.339082457609585
45.321752404214465
44.51174443670671
42.43835618893212
45.02619732649639
44.45622059266846
43.57391924849299
42.97214873166253
42.35457788698948
45.05291901147233
46.654813998647505
45.79044852078318
46.659802827441894
46.926660444939564
44.076686411243955
46.911533010117694
51.56269175491764
48.71761079964975
46.704912330906645
47.36207129427972
45.068569599915705
43.19162033419753
46.732243689803376
52.53045380920325
52.57707177593754
50.53022337677232
50.64620468000923
53.38932519180797
54.58408616288893
54.80260012854712
53.92765279526394
51.901226596714395
50.83113138632183
49.33326349698679
49.3472663111961
50.33799289346469
50.846304956384714
51.56650440527541
52.00548018021191
51.79769795712904
52.04279621365662
54.273315860231804
54.644684749348514
53.330279885072294
50.39915260653209
50.113434856808084
56.45279619654052
61.9453303035847
62.79057525115386
62.63663751116001
62.89329698826143
61.33580700303807
62.202894501269284
60.98520611427928
61.10815151867653
62.305389769687444
61.75729180002064
60.15377289013158
57.59957112812268
60.72074026231647
65.11397672556602
65.08805152997495
63.30165139911767
67.30114210447239
74.59532593905081
71.60210327690994
68.52651924908115
66.20409799246097
66.88781887540546
70.79934003510174
70.70644890393545
71.37245478230943
64.82048718320821
63.673790700948295
66.09841336264766
65.73603359217108
72.64009484490357
68.12462846936732
61.282032830311294
65.68128345638135
66.14277672861135
64.39717333494544
66.49716874181216
72.649143485384
74.39544317339374
73.04346738862174
72.86308080439342
76.67558412323076
84.97709652420237
79.77712484605243
74.97528211309522
76.46611800593868
73.17186178432922
74.6421059372858
74.46361624619946
74.27781920139664
77.26453919013161
79.79859977639288
81.63309656213687
83.16187538134938
87.13659961488955
82.47329109569144
77.69349145608767
84.57314601860713
86.21803216701763
85.16382940431326
76.4975190279463
60.38322985809494
60.17265656654755
58.3957295737204
59.064192959509164
61.22749908105516
62.36568104563172
60.48587732396991
54.32044353218264
57.264230238493255
58.674727907472175
54.357401672791894
60.62819953550095
67.16238665967171
68.7857694038196
65.57397936882101
76.23863919117257
69.60153625863063
44.69469984354485
39.41657629738821
39.19587687004467
44.00052883884364
44.29835942491421
40.12382142815971
44.20159821012041
49.447726650088796
47.6473210778293
45.92110104352804
43.88218774795508
44.222172248777305
50.97008549003862
50.799038835289814
47.839416328974316
48.31198311957184
44.77529765509632
51.33649819773561
55.36530243579931
53.406492237806894
51.411838286921046
49.64201560665765
52.61241160023366
51.047443326501686
48.702939529679604
49.31215576030537
49.539418207929245
50.75988433614663
57.374965847778654
60.77248113392554
55.411891721221195
52.57734877686046
51.17407423321459
51.38399196516655
52.20535496761103
52.1311581000966
54.550223865403034
52.713847298751105
48.60731982062459
47.93504626135844
50.671080637786616
53.63305413067767
48.44011059001658
43.26771779646468
46.599638364799425
44.958757372764616
42.683613293419114
41.61278422371166
45.810307427049395
49.180347632695515
43.15358671314672
45.404599810908365
48.884619733552334
49.62004381102592
51.779501673795394
49.02387457302165
43.940632347466476
43.87091011074472
45.27517022483744
47.62608332586941
48.28635094232394
50.07461524825436
45.49499163769821
44.28595058566634
48.74825241345759
50.347352634201975
51.015357224511824
45.143507500181286
43.1357370302522
42.91031203004686
42.32895093326476
44.23984241202472
46.8787327187737
45.360059061534585
40.92093478486465
41.80214307008461
45.32988484216452
47.748904603834205
45.32250177419801
41.034657109290976
43.48038269011499
44.75034560553133
41.635589954272554
44.04920641863142
47.62815084679667
44.41965659918506
41.790691689261614
43.84520096998312
43.388646958298274
42.27619390661514
42.238712255189746
38.34413832596167
35.6341757692649
32.559964134681245
34.866310081862096
37.56864979349695
38.02095751248859
38.587711907286476
35.29671533776672
35.02589196367097
35.175302695917374
35.58598859658973
40.00429058983324
44.70759379980958
46.226341997071
46.00471553347077
44.91113098289345
46.195261491179515
52.97172605423096
52.27561217464198
47.7196382365928
48.261037845867115
46.91071966423919
48.91184281639592
50.810709265868816
53.80847891022432
54.23841407572105
52.6499296524651
54.300379133359655
54.07722405506408
55.73835597356795
55.107852764674625
52.592298881756534
52.40172558715109
50.39970680855594
53.03497604385757
51.52208426179982
43.928603700379185
44.31549633249636
44.16169786845812
42.590675189519544
43.187926130708846
46.710004699396805
47.22861550557811
43.956962810027406
42.54979769877313
41.003652272171564
42.84914136612823
47.07646382821955
51.56474453051552
51.51678420164453
49.049243748252316
49.171599865966805
47.406949626515924
47.563143039958156
49.834680552962396
49.854058496327404
47.217481293562024
44.462283499645615
44.0910845223258
43.9246390058059
42.79865471008723
41.294006830548796
40.1320679053426
39.5502401256431
36.097556152447886
37.577650198053455
40.72805533315868
40.79945148775925
41.53950587481003
41.29676460082593
40.85540077639873
43.52265537279671
47.0944435452807
46.33271889065474
45.146186102166354
45.2106299454386
47.07281086290295
49.22485990397836
47.51022124837485
45.57906352573139
46.71544781228788
47.22766326552327
45.83925072948023
47.7382495438033
48.51869427900434
47.71270384236216
48.3647307124203
48.48076312782843
48.04614492945381
49.309524435172165
50.33018075577648
46.91292806942465
46.643591850039115
48.83311714047358
49.43528786268403
53.05502308773938
54.83514800440349
53.65772990996161
53.73240250754002
54.71686910527491
54.54367574555841
54.5250915073612
55.08161420065441
55.396189110360204
56.65782343591667
57.0121235191369
54.95477024919472
52.7041111521436
52.75360740899702
52.75525939847892
50.56518954552013
49.5010579127474
51.871760615247545
53.833611405425536
52.72504658143385
51.284276519981155
50.285181447239715
51.51959898502485
51.73413581855008
53.4171576402381
58.206061670169355
60.792066276882494
60.99433292928525
59.46938724967766
59.322568919485654
62.05228021216277
61.64367704425329
58.49472084937885
55.13653626055271
57.565799660090526
60.43433438426931
61.26285007949267
59.91743614775664
59.99415244593593
66.5515002485965
66.31726608436755
64.09365466013705
68.23889529611246
66.05775132485641
62.75025001287758
63.44082668615175
63.416560107919004
64.11312930695784
64.94603244544899
69.5087141365399
70.44395793112224
73.54005018169323
131.64165256399278
119.901281164049
58.81718584015744
60.562657336349474
55.130249685103195
53.84081916131143
53.973471794957135
57.349454185580015
57.78692355665377
54.16517064704417
53.56340529441718
54.19086567891242
55.9996075846776
54.438259262598535
58.713741245489835
59.68217729890638
55.74925294227135
54.52208262991949
52.4497884547377
52.58204077726786
55.83779733368683
57.49498710432112
55.78026852970513
55.93234654438069
56.06802884875538
54.599534115729455
55.61747391020682
55.11975320444126
52.24071705048769
52.74818221147582
53.42441786272311
52.237823680800865
59.8553979363862
73.70951406844685
81.37396169014701
77.23377740364775
81.63186160778378
87.76819860812103
91.306405420722
92.5107336448991
82.92760998184865
79.22158507659799
83.11742937969407
86.13967589556944
77.89429338324271
61.4414107087607
53.85822201936641
56.09982702900811
59.05113070835884
57.325960684473785
53.73659536928022
51.668103070764786
48.381421437341146
50.365402121940996
