0
0
43.64
129.92
205.16
274.88
343.84
370.12
357.2
353.08
350.44785668586053
354.08
351.88
351.72
362
375.4001280409731
382.08
396.8
401.4
403.64
404.64
409.96
406.43999999999994
409.35999999999996
396.88
407.6
380.76
358.52000000000004
331.35999999999996
313.6
277.23999999999995
272.08
269.52
268.47999999999996
271
268.04
271.56
273.68
291.2
299.84
322
339.96
353.64
351.08
361.15999999999997
363.28
356.76
359.23999999999995
364.08
360.47999999999996
353.8
352.6
347.15999999999997
344.03999999999996
340.03999999999996
333.88
336.28
337.52000000000004
336.84
334.64
337.88
338.32
330.4
323.84
320.08
314.32
306.47999999999996
306.4
308.68
308.12
308.08
307.92
310.12
307.2
306.03999999999996
302.56
300.23999999999995
297.52000000000004
294.68
291.8
288.15999999999997
291.43999999999994
289.52000000000004
293.43999999999994
291.56
296.28
286.23999999999995
282.32
272.88
269.08
261.44
261.88
263.32
263.12
266.8
263.2
263.76
261.84
255.07999999999998
251.28
249.55999999999997
245.11999999999998
240.8
237.6
237.84
238.76000000000002
237.36
235.92
241.2
238.11999999999998
230.56
220.64
215.51999999999998
204.76000000000002
194.23999999999998
195.23999999999998
195.67999999999998
193.6
195.36
194.4
192.4
196.67999999999998
191.07999999999998
191.92
191.88
190.23999999999998
184.48
186.56
183.51999999999998
184.84
184.28
183.71999999999997
185.07999999999998
186.23999999999998
188.88
193.76000000000002
199.32
202.36
206.44
208.48
207.32
210.44
210.56
211.16
209.32
210.44
202.55189792408302
196.36
189.4
182.28
177.6
174.40697627905118
176.48
174.6
175
173.4
174.28
173.28
180.23999999999998
190.48
198.36
206.71999999999997
213.07999999999998
215.28
214.71999999999997
215.6
219.71999999999997
220.23999999999998
216.48
217.88
220.04
219.11999999999998
224.51999999999998
231.44
233.11999999999998
231.92
233
233.71999999999997
235.44
235.28
236.28
236.8
238
245.04
251
258.68
257.4
258.08
257.76
258.8
259.96
265.08
264.44
261.08
261.32
260.12
269.24
274.84
276.03999999999996
277.15999999999997
277.72
273.28
271.24
275.08
274.43999999999994
276.84
286.23999999999995
295.68
307.52000000000004
319.68
329.84
326.47999999999996
332.32
332.72
332.84
334.96
339.47999999999996
335.76
337.03999999999996
342.52000000000004
344.96
346
356.52000000000004
352.12
352
353.15999999999997
353.2
351.88
356.6
356.08
352.47999999999996
351.96
345.28
335.92
336.56
333.03999999999996
332.03999999999996
332.43999999999994
336.68
332.76
337.88
339.12
347.03999999999996
361.43999999999994
373.72
381.92
398.15999999999997
396.6
401.6
398.56
400.32
398.47999999999996
403.03999999999996
395.35999999999996
403.43999999999994
405.92
413.76
405.88
417.23999999999995
413.76
420.32
418.35999999999996
422.43999999999994
425.6
430.64
427.08
400.4
387.8
358.4
331.84
306.47999999999996
307.23999999999995
304.56
306.64
305.64
308.4
306.96
306.8
312.4
324.92
330.15999999999997
339.72
349.68
346.68
351.52000000000004
349.88
352.15999999999997
351.35999999999996
354.52000000000004
349.35999999999996
350.15999999999997
342.28
340.6
332.28
327.88
327.56
331.68
327.2
334.8264277715565
335.84
332.84
328.35999999999996
339.15999999999997
342.0147223555769
349.96
360.64
370.92
368.23999999999995
370.76
368.88
366.64
365.64
366.8
368.08
365.6
363.03999999999996
359.52000000000004
363.2
358.64
358
359.4
359.56
357
358.72
356.32
357.76
350.47999999999996
336.28
327.68
317.35999999999996
307.52000000000004
308.08
307.76
306.68
311.72
307.96
305.35999999999996
308.76
311.2
309.6
318.6
325.28
326.96
323.6
328.52000000000004
326.32
323.72
326.64
329.15999999999997
327.76
321.08
315.08
310.08
306.6
303.64
304.32
304.2
301.72
300.4
301.28
302.43999999999994
300.6
300.15999999999997
299.92
296.6
294.72
293.38826446942124
293.08
293.88
291.8
292.4
292.4116964678587
290.72
288.72
275.84
265.76
254.04
243.36
228.28
228.64
225.32
227.88
225.44
227.07999999999998
225.23999999999998
225.4
226.07999999999998
229.2
237.16
240.88
240.28
243.28
244.32
237.48
240.23999999999998
242.28
243.36
242.64
245.95999999999998
245.56
249.71999999999997
248
251.32
250.2
249.75999999999996
247.8
249.4
249.11999999999998
251.48
254
242.6
234.88
225.8
214.44
204.71999999999997
207.32
206.84
204.51999999999998
206
204.4
203.2
201.56
207.67999999999998
212.07999999999998
217.04
221.64
224.64
226
224
225.48
224.36
223.2
222.2
221.96
214.07999999999998
208.2
200.16
193.92
186.2
182.4
180.28
184.51999999999998
181.36
182.88
183.76000000000002
185.48
188.36
195.67999999999998
201.92
208.4
214.28
212.64
212.67999999999998
213.11999999999998
212.44
212.71999999999997
215.28
214.44
216.2
220.28
216.96
220.48
222.48
221.04
219.96
222.8
221.36
221.71999999999997
221.4
223.07999999999998
231.88
238.16
244.92
255.67999999999998
263.4
257.6
262.2
263.76
262.28
259.71999999999997
267.04
262.44
260
253.48
252.92
248.64
249.48
246.92
246.64
247.23999999999998
247.4
246.51999999999998
244.16
248.28
254.48
264.04
274.64
285.88
295.6
292.68
296.43999999999994
295.32
292.68
294.72
299.32
293
290.76
306.4
306.6
310.52000000000004
313.03999999999996
319.43999999999994
316
314.23999999999995
314.68
315.84
314.43999999999994
311.4
317.72
329.23999999999995
339.68
348.68
357.92
363.32
362.23999999999995
360.03999999999996
361.64
360.03999999999996
354.08
360.52000000000004
359.08
359.88
357.35999999999996
360.72
349.08
351.35999999999996
345.15999999999997
345.6
349.08
349.28
350.52000000000004
344.03999999999996
353.32
350.6
347.76
352.03999999999996
360.6
347.23999999999995
346.6
356.15999999999997
350.08
354.56
362.15999999999997
358.03999999999996
367.6
399.76
426.32
448.64
487.88
497.76
487.4
489.88
497.35999999999996
487.43999999999994
492
491
470.15999999999997
439.32
408.92
379.23999999999995
362.08
343.68
334.6
341.03999999999996
339.92
337.43999999999994
