0
0
7.923667947436395
16.256822567437883
27.08305415410312
40.94071503750112
46.273385465562136
47.286418360531705
49.361750247166206
49.483849529468344
48.49958249883457
50.96722823914663
52.973340234908996
56.88353564902333
56.9368628049121
52.7773299782331
56.298052072307094
59.51446496720213
60.77338605033138
60.81880386997048
68.83905167243918
74.20776926966005
69.82528555781491
64.19739553774976
64.09294986668178
67.36119823978359
58.44167726223744
43.9049070076875
38.638127688449664
37.09608493980579
35.90251987159892
39.53931395182796
42.17612772035224
41.915923039844884
38.348947013042604
39.77982883750536
40.51383258684705
41.60068884605193
49.29338391845056
52.17955617604034
52.31142554040256
52.41534808121501
52.1539966552525
48.64960513489519
49.75017838256911
49.916174923982375
49.210741191318164
54.249775009754586
52.83450757236447
51.23511274282008
50.18131352426858
45.76702823953203
45.82336339465669
48.230095114292624
45.608871090276644
46.24850865798074
47.71493584345266
46.50998139532152
43.29345991563204
44.46079775256333
47.598004334615645
48.944769281147046
50.850428437681664
50.98698099476358
49.78176908625932
45.55764462066248
41.35152962837733
37.42997339104841
35.80430163272001
35.446940094902565
36.76089660175881
37.83292287437171
37.41812186854663
37.37273323548047
40.202672271996875
43.164982847724474
43.209818829109835
46.85092295963524
48.46533622410673
49.86444351248223
48.122645704302265
44.74806104354386
45.76895592208998
46.74929291670667
47.19762631470653
50.53570067407651
46.94803969267114
37.70522800299149
37.688258646610755
37.973131211367814
40.09161308867283
42.915756820610234
44.369758142104324
43.47103450540237
40.6531825628643
40.83981666950944
41.99627531503352
43.22467264508047
41.89577257533457
39.94343403925697
36.410224851171606
37.58533012239542
39.66389024867704
42.316975634101254
43.6662138314947
40.841843049158214
42.41084373774713
41.855026204929615
38.51498893155636
34.71156797124452
38.09287377391967
44.574308905355934
44.06740347373182
42.9832208200571
42.61238826899337
43.61504726709415
47.22012929777205
47.33223119401373
43.643966140611994
43.05998530288402
46.94053044989528
48.566882755788725
48.17424903479799
47.53875244091432
45.19638632994701
41.51629705248073
39.68344495109492
41.200051061477794
43.44962134519336
44.61497718663716
43.32153655837262
43.00328041376533
41.34789186557611
40.260239775653304
45.115886420045385
50.20770675036523
49.59316146746809
47.92254636221963
47.78430831415239
48.999094432949896
54.781560760442645
54.53970103708542
51.200450597048636
49.53081649439278
47.27942205119349
44.65964356334793
42.49149644739722
43.10526612060353
40.66835080145347
39.976741656645096
41.21929298531207
37.84855234943583
37.43459650832545
39.39433247767105
37.67970666942098
38.09412384844756
39.418207286356775
40.260252597991176
46.1281878133175
51.508982065498465
49.36778701994544
47.000961264698766
50.06732157409393
52.88386555845981
50.752690960109014
45.320279930807516
46.41014169200804
49.06594328741501
50.23695586604893
48.580060384918994
47.528352585687486
53.820776637173914
53.18390765582056
49.52819349183192
51.23029755226264
47.91412282493208
52.727037186760704
58.973388130276746
51.00036085907649
49.07689400083527
53.23364660175961
53.254960802509814
52.08501524363114
53.80867161539824
56.59030967390287
57.06206136926018
58.38228941270035
58.43051623654444
60.17424021229296
59.948423627979615
55.763069338364204
54.9391388632311
52.89634993290352
55.92889668266185
57.67076244522899
51.67596692447254
51.4080093079903
49.83545146898493
41.78542889162399
41.89724485880349
46.19604934768283
48.318807657347534
46.826679549790946
44.90598361461571
45.81952112089727
43.91932195746435
47.780824419712594
50.6749871737335
47.37383387125325
48.97847654164657
53.2898569528319
53.043820785507435
51.362469543913974
50.18135328456313
50.41392620388373
51.42439502141163
51.917904057706956
49.2916712309585
51.270117545779776
56.55890613238149
55.10539407205541
56.44092169000476
50.57990838942042
48.459891887861595
57.01404260324001
54.13934332025488
50.06620404865638
52.815687107358414
54.1020857615228
51.43067762329418
51.89515337424429
55.630974714702425
55.445040067298756
55.46975485004174
52.56418170795346
47.57870622540814
53.99125039927254
54.253324934352534
51.49305765960512
54.942164922107565
53.79057154221391
54.432617460983714
54.926402486558466
54.96222492948982
57.20390060481327
59.6299808718439
67.77421112453727
70.22919167982563
70.07454367942545
68.95072924096561
60.26097257107144
58.88985314433665
62.47349548345429
59.083123921732216
59.554764341945365
63.92208692316596
67.75448629190035
66.53375832676151
71.14750390525683
82.45134948134654
79.69158960834818
75.32052705915923
69.88677212010779
70.74166219220903
73.88057565329196
79.65684837058859
75.68976872132119
58.99398312291116
52.19818853170829
50.24361017681603
52.26912676196366
51.36033603235789
50.717911574650074
54.8654631179745
49.430649577254094
43.690995814602864
45.4686091258567
50.595543763178746
52.74615171743494
52.157626451580164
55.54687314576545
57.106253780054516
55.91328976882071
60.196864055308055
64.03808193385201
56.94428365765223
54.40128612325802
57.61944477121524
55.711324590256964
53.515623572619255
50.12912089224225
52.219004752078476
54.702405917701455
51.52586865209624
53.47998755950676
52.21474431251026
47.1100051420091
50.97015207676005
49.68692529946219
49.74751371391909
51.29377195041607
48.7995122238784
52.53407643730718
54.36696408967965
56.836234718036884
57.97432081224975
54.409348957562884
53.740688992770494
57.178187212447355
55.376970129112365
48.853431051130215
42.806082880352676
44.49536490085844
47.652842797907546
48.42604462920691
50.92128640071914
46.32813395832939
43.408795901183886
45.77991012970489
45.03961676231727
54.60374853253461
57.12540207760824
49.21758487982154
46.096096285598655
45.68338713004722
49.86723824271847
47.23887244363623
39.91387549272117
35.592968903300736
39.62560253565968
44.78914999348654
43.0724007340416
45.2984487376758
43.73473490168028
38.22325336018492
37.12074715917668
38.714460408845156
41.31963117791477
44.568141546279975
45.40075273681718
47.131788484130986
45.31162989845538
40.24050335381239
40.75480772414624
46.565895938077645
45.83037960173118
44.08765098756484
47.42551586533841
45.58972692317124
43.72145594948277
41.555726689923304
40.13751713401083
38.513286615953504
38.51913660163521
38.65261291645456
40.41315711237211
45.808427915435495
48.77796872846935
41.821785486772676
38.25257448141097
40.72554324724184
40.62664611532211
40.510210157675196
42.97181187356458
45.05379566445115
39.68211805070075
36.64857459540367
37.54770259091263
44.095866756842284
45.37217867618387
41.49787870396604
39.41985028150166
37.89361827898498
41.5336066221726
37.681357669939864
32.66712072349818
31.698976772778796
32.66774512828887
34.270241254985756
31.181836746280478
33.69414024110116
34.65083438356122
32.19754260599794
32.492011112418
32.29202075603207
33.31033115395808
34.907155749037685
36.63018007134542
38.32311484261114
35.30698800860594
34.955677772801764
36.05561568133872
36.12260106856769
37.896330352248846
36.94784689298095
32.088809656984935
29.392086969839454
31.265945009249194
33.133344167014535
33.08212825296247
31.85293070489377
35.74574460384636
37.30783462204942
34.7884578932071
39.643928235367056
39.24571037727927
33.33941762928793
35.5674494915586
38.88555911218586
35.76331179009249
33.506959632618
32.40629536155425
30.90002724908908
29.40103795740356
26.208224411616378
29.51194976992582
34.25601536417147
32.50394456722729
30.90804044728516
30.361098185850373
31.582569515621607
32.78328595950173
30.4394995314048
31.92240307311886
34.604825440445474
34.55664226152103
27.091101248736923
20.092173011308812
20.882064762881974
21.484840205822323
21.374383925411585
22.34890281913699
22.88163735721481
21.585034467072525
20.216894311821044
18.93993216055833
17.353990070250514
17.830244614854944
20.060219596371052
19.427336806263202
21.36320876648173
21.372638582893096
17.077795007112474
19.017632988123516
20.569365877519424
19.461423596672073
24.0081549017451
28.872143561745307
28.79800336275531
26.60455963595578
25.431780870480516
25.43606389423191
28.289221095208227
29.65954799085148
26.779640371999967
24.336209901968168
26.791422565938273
29.999995565762884
28.314405236068467
28.796713928976864
29.897641895074152
29.20558262104695
28.7438859414545
28.319612283602726
29.36135246103036
29.002278315588807
27.99147729403614
28.630836132380917
30.970832041672274
29.09786218883797
26.809419669567106
28.103114616564117
29.104876946438054
30.34998196189768
32.83620444208696
33.59566899102012
37.39544740595291
35.39685503193405
30.5734720734384
29.85423295966337
28.853119878691853
32.10607371955375
33.181511257262564
30.259024226393723
29.3993501133143
28.68243896671257
27.928891862978983
31.705616685834368
34.311322608117145
32.376113618405086
28.208967147249506
26.368829395858132
29.41747797675999
29.55304442955003
31.003568709871963
35.15495780602502
36.42108606025064
37.369250227596375
34.41008038979651
34.52607635418609
38.884362487980106
39.19769136779304
36.31658563040323
34.715162429105355
34.08792629280434
36.004895471865936
38.322434749452505
38.723938145013584
39.73951462030457
36.27377300443557
35.99978519548958
37.458309910338166
40.23301270839445
41.13761340994968
37.57927697176561
36.85942923538889
35.69470081122787
35.30005894366647
41.61126459538208
45.32772105652773
43.14489320821266
44.446370913024445
45.66703328074732
42.739429997690166
43.32627909265745
43.22590019615981
41.74380507339752
38.39593870090783
38.396225218288464
45.039288360086296
43.544463069241594
40.92580661909091
42.467987204439964
42.45400606188194
40.225334440593436
37.192618869607486
41.60105157053514
44.66909991473989
43.020060000864696
41.605862493942944
39.52780348152891
40.20619120094184
40.10480350909355
37.390908624964986
35.60528354799352
34.80354533309547
36.24446705763673
37.83943418346647
41.09082047687022
40.86326204120208
38.713950465307136
38.733526426050766
37.26452569326949
35.78342696964375
43.233651996182026
50.57145373734396
52.44689339617266
56.067215209006
56.83776327721765
55.01408099008354
58.97398127622259
59.952744867536495
55.57391784850616
54.10302653679874
56.23758832297115
54.626771163871055
53.27242302143114
47.636233360709134
39.00674299301507
37.826014872918456
36.305247321196745
36.83195171660715
41.51555262988076
39.69008171440515
38.97068883182513
41.80239110858927
