0
0
31.2
117.44
189.28
263.6
326.92
373.52000000000004
358.03999999999996
351.88
348.68
358.76
350.6
353
362.4
372.6
382.72
391.64
400.43999999999994
408.6
405.12
404.4
408.03999999999996
409.68
403.9276857851372
410.92
388.96888248940087
360.4655813767449
335.8
310.34482758620686
280.28
270.94167533402674
275.0510020400816
267.76
271.32
272.47999999999996
272.6
268.64
280.4
301.35999999999996
313.88
334.12
355.88
357.70569177232915
359.15999999999997
356.88
357.88
352.76
362.1344853794152
354.64
356.35999999999996
353.2
346.47999999999996
342.15999999999997
340.03999999999996
340.72
339.4
340.6
336.72
338.35999999999996
336.52000000000004
336.28
334.4
327.08
321.76
314.96
311.52000000000004
307.8
310.35999999999996
307.47999999999996
307.56
306.52000000000004
307.64
306.43999999999994
306.96
305.96
295.64
294.76
297.92
288.72
289.88
294.03999999999996
293.52000000000004
289.68
293.43999999999994
293.43999999999994
289.6
283.84
273.2
267.84
267.12
259.68
257.24
268.52
267.91999999999996
260.7495700171993
261.28
267.32
255.71999999999997
252.75999999999996
247.32989319572783
251.71999999999997
243.1805455563555
245.95999999999998
240.71999999999997
238.2
236.51999999999998
235.81886550924074
231.84
238.88
230.4
223.28
213.2
205.36
194.76000000000002
194.6
193.8
195.04
195.8
195.32
197.92
192.6
193.36
189.07999999999998
188.8
188.32
188.71999999999997
182.07999999999998
186
185.84
183.4
187.48
189.67999999999998
183.71999999999997
187.8
191.96
192.84
202.88
210.32
207.64
212.6
210.4
207
205.67999999999998
209.28
205.2
203.71185152593898
198.56
193.32
184.28
177.8
177.96711868474736
175.07999999999998
175.8
173.88
176.23999999999998
174.71999999999997
174.64
176.96
189.56
196.56
203.76000000000002
214.04
216.48
217.16
214.96
213.88
216.88
218.92
216.6
220
222.29332480102389
223.67999999999998
228.07999999999998
233.36
235.32
235.70828499419932
232.2
237.7904883804648
234.6
232.16
233.51999999999998
240.8
240.08960358414336
244.51999999999998
254.26982920683173
257.8
257.24
259.68
261.04
260.0504020160806
261.15999999999997
264.04
260.15999999999997
264.6
269.08
270.88
270.8
276.32
274.96
274.03999999999996
274.52000000000004
274.64
275.56
273.28
272.32
282.43999999999994
296.6
306.2
319.8
328.72
331.4
332.47999999999996
331.64
334.43999999999994
332.72
334.76
334.23999999999995
334.76
336.8
346.56
349.35999999999996
348.35999999999996
354.52000000000004
357.2
354.68
355
356.43999999999994
355.72
352.12
351.68
349.52000000000004
344.2
342.43999999999994
338.15999999999997
332.8
331.6
341.68
332.43999999999994
334.88
339.2
337.03999999999996
339.35999999999996
359.72
374.68
377.92
394.4242230310787
398.4
399.96
392.03999999999996
404.8
401.4160566422657
400.8
400.72
402.32
408.32
408.6
419.2
413.68
421.28
420.4
424.56
419.08
425.68
423.96
418.2
403.72
378.56
357.88
335.72
314.2
306.52000000000004
304.8
304.08
306.47999999999996
309.6
305.76
308.35999999999996
315.5473781048758
323.43999999999994
328.92
339.68
345.52000000000004
347.53390135605423
348.03999999999996
349.96
349.72
353.8
351.03999999999996
353.84
347.15999999999997
346.12
342.35999999999996
340.43999999999994
329.56
330.23999999999995
331.9201695796504
331
332.56
336.72
333.08
329.5195423450814
333.68
338.76
346.28
357.12
363.23999999999995
365.32
369.52000000000004
370.08
368.32
372.64
369.84
363.72
367.68
366.23999999999995
359
365.06539738410464
363.92
355.47999999999996
355.15999999999997
360.68
350.8540341613664
358.35999999999996
356.88
353.47999999999996
345.23999999999995
345.2661893524259
329.08
320.88
315.6
308.35999999999996
307.21228849153965
307.08
307.47999999999996
309.76
312.4
308.88
308.6
312.12
315.15999999999997
319.35999999999996
325.2
323.64
327.28
322.8
325.8
324.92
327.35999999999996
330.15999999999997
327.2
318.12
314.15999999999997
310.32
301.72
299.92
300.64
298.08
304.03999999999996
299.92
302.32
302.56
303
294.84
295.72
295.23999999999995
291.92
291.12
296.8
291.08
290.32
293.76
293.6
289.72
288.15999999999997
274.88
258.15999999999997
245.2
231.16
222.11999999999998
220.71999999999997
226
222.51999999999998
223.71999999999997
227.44
228.2
228.51999999999998
231.48
234.92
237.11999999999998
237.11999999999998
238.44
241.4
240.96
240.2
252.48
243.87024519019238
244.07999999999998
246.51999999999998
246.2
239.07999999999998
248.4899395975839
250.92
250.07999999999998
248.07999999999998
250.64
249.32
250.2699460107978
251.95999999999998
255.04
244.51999999999998
237.92
229.96599319863972
216.32
208.64
204.76000000000002
203.56
201.88
204.11999999999998
204.04
206.64
206.51999999999998
209.04
210.84
213.71999999999997
218.92
222.84
220.2
224.96
228.04
223.44
222.84
224.92
223.8
213.84
210
202.56
193.56
186.32
183.8
182.56
182.67999999999998
182.32
182.84
184.11999999999998
182.56
187.8
193.84
196.23999999999998
206.8
214.67999999999998
211.84
215.44
217.11999999999998
216.84
211.88
214.88
213.56
215.76000000000002
213.11999999999998
220.92
222.92
222
220.56
220.69351677798664
220.51999999999998
221.56
219.8
220.2
222.86674400928112
228.28
232.51999999999998
243.32
255
260.44
260.71999999999997
265.4881414230292
263.47999999999996
263.71999999999997
262.12
266.35999999999996
260.5912709525143
259.64
253.75999999999996
255.44
246.84
248.71999999999997
246.07999999999998
247.4
246.28
247.15999999999997
242.16
247.6
246.44
253.55999999999997
262.32
274.08
285.03999999999996
293.15999999999997
290.47999999999996
295.23999999999995
298.35999999999996
294.76
298.23999999999995
298.84
299.12
298.12
302.68
301.64
310.92
311.43999999999994
310.32
313.35999999999996
316.03999999999996
313.8
316.92
321.23999999999995
314.56
320.4
329.28
336.76
344.43999999999994
358.64
358.56
361.12
362.72
361
360.23999999999995
365.23999999999995
360.28
353.08
356.96
356.15999999999997
348.72
349.6
350.15999999999997
350.84
347.35999999999996
349.32
349.52000000000004
351.4
347.28
348.43999999999994
353.28
350.08
352.8
355.64
350.23999999999995
350.35999999999996
351.32
350.8
352.8
358.76
351.7837146056631
375.68
403.96
422.15999999999997
454.4
485.7977276364219
489
489.9004039838407
497.68
491.64
496.76
496.4
492.5797031881275
468.23999999999995
441.2
405.6
379.92
351.43999999999994
341.2
339.76
338.8
336.8
337.76
